rm -f *.d *.o *.a *.elf *.lst *.img *.hex *.cir *~  ../src/*.o ../src/*.d
rm -f *.d *.o *.a *.elf *.lst *.img *.hex *.cir *~  ../src/*.o ../src/*.d
rm -f *.d *.o *.a *.elf *.lst *.img *.hex *.cir *~  ../src/*.o ../src/*.d
rm -f *.d *.o *.a *.elf *.lst *.img *.hex *.cir *~  ../src/*.o ../src/*.d
rm -f *.d *.o *.a *.elf *.lst *.img *.hex *.cir *~  ../src/*.o ../src/*.d
rm -f *.d *.o *.a *.elf *.lst *.img *.hex *.cir *~  ../src/*.o ../src/*.d
rm -f *.d *.o *.a *.elf *.lst *.img *.hex *.cir *~  ../src/*.o ../src/*.d
rm -f *.d *.o *.a *.elf *.lst *.img *.hex *.cir *~  ../src/*.o ../src/*.d
  CPP   actled.o
  CPP   alloc.o
  CPP   assert.o
  CPP   bcmframebuffer.o
  CPP   bcmmailbox.o
  CPP   bcmpropertytags.o
  CPP   chargenerator.o
  CPP   classallocator.o
  CPP   cputhrottle.o
  CPP   debug.o
  AS    delayloop.o
  CPP   device.o
  CPP   devicenameservice.o
  CPP   dmachannel.o
  CPP   gpioclock.o
  CPP   gpiomanager.o
  CPP   gpiopin.o
  CPP   gpiopinfiq.o
  CPP   i2cmaster.o
  CPP   i2cslave.o
  CPP   i2ssoundbasedevice.o
  CPP   koptions.o
  CPP   logger.o
  CPP   machineinfo.o
  CPP   multicore.o
  CPP   nulldevice.o
  CPP   ptrarray.o
  CPP   ptrlist.o
  CPP   pwmoutput.o
  CPP   pwmsoundbasedevice.o
  CPP   pwmsounddevice.o
  CPP   qemu.o
  CPP   screen.o
  CPP   serial.o
  CPP   soundbasedevice.o
  CPP   spimaster.o
  CPP   spimasteraux.o
  CPP   spimasterdma.o
  CPP   spinlock.o
  CPP   string.o
  CPP   sysinit.o
  CPP   time.o
  CPP   timer.o
  CPP   tracer.o
  CPP   usertimer.o
  CPP   util.o
  AS    util_fast.o
  CPP   virtualgpiopin.o
  CPP   chainboot.o
  CPP   macaddress.o
  CPP   netdevice.o
  CPP   new.o
  CPP   heapallocator.o
  CPP   pageallocator.o
  AS    setjmp.o
  AS    cache-v7.o
  CPP   exceptionhandler.o
  AS    exceptionstub.o
  CPP   memory.o
  CPP   pagetable.o
  AS    startup.o
  CPP   synchronize.o
  CPP   bcmrandom.o
  CPP   interrupt.o
  CPP   purecall.o
  AR    libcircle.a
  CPP   lan7800.o
  CPP   smsc951x.o
  CPP   usbbluetooth.o
  CPP   usbcdcethernet.o
  CPP   usbconfigparser.o
  CPP   usbdevice.o
  CPP   usbdevicefactory.o
  CPP   usbendpoint.o
  CPP   usbfunction.o
  CPP   usbgamepad.o
  CPP   usbgamepadps3.o
  CPP   usbgamepadps4.o
  CPP   usbgamepadstandard.o
  CPP   usbgamepadswitchpro.o
  CPP   usbgamepadxbox360.o
  CPP   usbgamepadxboxone.o
  CPP   usbhiddevice.o
  CPP   usbhostcontroller.o
  CPP   usbkeyboard.o
  CPP   usbmassdevice.o
  CPP   usbmidi.o
  CPP   usbmouse.o
  CPP   usbprinter.o
  CPP   usbrequest.o
  CPP   usbstandardhub.o
  CPP   usbstring.o
  CPP   dwhcidevice.o
  CPP   dwhciframeschednper.o
  CPP   dwhciframeschednsplit.o
  CPP   dwhciframeschedper.o
  CPP   dwhciregister.o
  CPP   dwhcirootport.o
  CPP   dwhcixactqueue.o
  CPP   dwhcixferstagedata.o
  AR    libusb.a
  CPP   keyboardbehaviour.o
  CPP   keymap.o
  CPP   mousebehaviour.o
  CPP   mouse.o
  CPP   touchscreen.o
  CPP   console.o
  CPP   keyboardbuffer.o
  CPP   linediscipline.o
  AR    libinput.a
  CPP   partition.o
  CPP   partitionmanager.o
  AR    libfs.a
  CPP   fatfs.o
  CPP   fatcache.o
  CPP   fatinfo.o
  CPP   fat.o
  CPP   fatdir.o
  AR    libfatfs.a
  CPP   task.o
  CPP   scheduler.o
  AS    taskswitch.o
  CPP   synchronizationevent.o
  AR    libsched.a
  CPP   netsubsystem.o
  CPP   nettask.o
  CPP   netsocket.o
  CPP   socket.o
  CPP   transportlayer.o
  CPP   networklayer.o
  CPP   linklayer.o
  CPP   netdevlayer.o
  CPP   phytask.o
  CPP   arphandler.o
  CPP   icmphandler.o
  CPP   routecache.o
  CPP   netconnection.o
  CPP   udpconnection.o
  CPP   tcpconnection.o
  CPP   retransmissionqueue.o
  CPP   retranstimeoutcalc.o
  CPP   tcprejector.o
  CPP   netconfig.o
  CPP   ipaddress.o
  CPP   netqueue.o
  CPP   checksumcalculator.o
  CPP   dnsclient.o
  CPP   ntpclient.o
  CPP   mqttclient.o
  CPP   mqttsendpacket.o
  CPP   mqttreceivepacket.o
  CPP   dhcpclient.o
  CPP   ntpdaemon.o
  CPP   httpdaemon.o
  CPP   httpclient.o
  CPP   tftpdaemon.o
  CPP   syslogdaemon.o
  AR    libnet.a
